<?xml version="1.0" encoding="UTF-8"?>
<!-- Generated by org.testng.reporters.JUnitReportReporter -->
<testsuite hostname="Prathamesh091824" failures="0" tests="7" name="Test.day3" time="0.011" errors="1" timestamp="2025-09-22T23:59:53 IST" skipped="2">
  <testcase classname="Test.day3" name="MobilesignoutcarLoan" time="0.001"/>
  <testcase classname="Test.day3" name="WebloginCarLoan" time="0.001">
    <error message="
Parameter &#039;APIKey/usrname&#039; is required by @Test on method WebloginCarLoan but has not been marked @Optional or defined
in C:\Users\Shree\git\Selenium-Project\TestNg\TestNG\testng.xml" type="org.testng.TestNGException">
      <![CDATA[org.testng.TestNGException: 
Parameter 'APIKey/usrname' is required by @Test on method WebloginCarLoan but has not been marked @Optional or defined
in C:\Users\Shree\git\Selenium-Project\TestNg\TestNG\testng.xml
at org.testng.internal.Parameters.createParams(Parameters.java:264)
at org.testng.internal.Parameters.createParametersForMethod(Parameters.java:352)
at org.testng.internal.Parameters.createParameters(Parameters.java:690)
at org.testng.internal.Parameters.handleParameters(Parameters.java:885)
at org.testng.internal.Parameters.handleParameters(Parameters.java:734)
at org.testng.internal.invokers.ParameterHandler.handleParameters(ParameterHandler.java:72)
at org.testng.internal.invokers.ParameterHandler.createParameters(ParameterHandler.java:51)
at org.testng.internal.invokers.TestInvoker$MethodInvocationAgent.invoke(TestInvoker.java:949)
at org.testng.internal.invokers.TestInvoker.invokeTestMethods(TestInvoker.java:203)
at org.testng.internal.invokers.TestMethodWorker.invokeTestMethods(TestMethodWorker.java:154)
at org.testng.internal.invokers.TestMethodWorker.run(TestMethodWorker.java:134)
at java.base/java.util.ArrayList.forEach(ArrayList.java:1596)
at org.testng.TestRunner.privateRun(TestRunner.java:741)
at org.testng.TestRunner.run(TestRunner.java:616)
at org.testng.SuiteRunner.runTest(SuiteRunner.java:421)
at org.testng.SuiteRunner$SuiteWorker.run(SuiteRunner.java:463)
at org.testng.internal.thread.ThreadUtil.lambda$execute$0(ThreadUtil.java:64)
at java.base/java.util.concurrent.FutureTask.run(FutureTask.java:317)
at java.base/java.util.concurrent.ThreadPoolExecutor.runWorker(ThreadPoolExecutor.java:1144)
at java.base/java.util.concurrent.ThreadPoolExecutor$Worker.run(ThreadPoolExecutor.java:642)
at java.base/java.lang.Thread.run(Thread.java:1583)
]]>
    </error>
  </testcase> <!-- WebloginCarLoan -->
  <testcase classname="Test.day3" name="MobileLogincarLoan" time="0.006"/>
  <testcase classname="Test.day3" name="APIcarLoan" time="0.000">
    <skipped/>
  </testcase> <!-- APIcarLoan -->
  <testcase classname="Test.day3" name="MobilesignoutcarLoan" time="0.001"/>
  <testcase classname="Test.day3" name="MobilesignoutcarLoan" time="0.002"/>
  <testcase classname="Test.day3" name="MobilesignimcarLoan">
    <skipped/>
  </testcase> <!-- MobilesignimcarLoan -->
</testsuite> <!-- Test.day3 -->
