<?xml version="1.0" encoding="UTF-8"?>
<!-- Generated by org.testng.reporters.JUnitXMLReporter -->
<testsuite ignored="1" hostname="Prathamesh091824" failures="1" tests="6" name="Car Loan" time="0.063" errors="0" timestamp="2025-09-22T23:59:53 IST">
  <testcase classname="Test.day3" name="MobileLogincarLoan" time="0.006"/>
  <testcase classname="Test.day3" name="MobilesignoutcarLoan" time="0.002"/>
  <testcase classname="Test.day3" name="MobilesignoutcarLoan" time="0.001"/>
  <testcase classname="Test.day3" name="MobilesignoutcarLoan" time="0.001"/>
  <testcase classname="Test.day3" name="WebloginCarLoan" time="0.0">
    <failure type="org.testng.TestNGException" message="
Parameter &amp;apos;APIKey/usrname&amp;apos; is required by @Test on method WebloginCarLoan but has not been marked @Optional or defined
in C:\Users\Shree\git\Selenium-Project\TestNg\TestNG\testng.xml">
      <![CDATA[org.testng.TestNGException: 
Parameter 'APIKey/usrname' is required by @Test on method WebloginCarLoan but has not been marked @Optional or defined
in C:\Users\Shree\git\Selenium-Project\TestNg\TestNG\testng.xml
at java.base/java.util.ArrayList.forEach(ArrayList.java:1596)
at java.base/java.util.concurrent.FutureTask.run(FutureTask.java:317)
at java.base/java.util.concurrent.ThreadPoolExecutor.runWorker(ThreadPoolExecutor.java:1144)
at java.base/java.util.concurrent.ThreadPoolExecutor$Worker.run(ThreadPoolExecutor.java:642)
at java.base/java.lang.Thread.run(Thread.java:1583)
... Removed 16 stack frames]]>
    </failure>
  </testcase> <!-- WebloginCarLoan -->
  <testcase classname="Test.day3" name="APIcarLoan" time="0.0">
    <skipped/>
  </testcase> <!-- APIcarLoan -->
  <testcase classname="Test.day3" name="MobilesignimcarLoan" time="0.0">
    <ignored/>
  </testcase> <!-- MobilesignimcarLoan -->
</testsuite> <!-- Car Loan -->
